[0.016s] Invoking command in '/home/ray/ros2_ws/src/bms_can_bridge_cpp/build/bms_can_bridge_cpp': CMAKE_PREFIX_PATH=/opt/ros/humble /usr/bin/cmake /home/ray/ros2_ws/src/bms_can_bridge_cpp -DCMAKE_INSTALL_PREFIX=/home/ray/ros2_ws/src/bms_can_bridge_cpp/install/bms_can_bridge_cpp
[0.266s] -- The C compiler identification is GNU 11.4.0
[0.829s] -- The CXX compiler identification is GNU 11.4.0
[1.214s] -- Detecting C compiler ABI info
[1.382s] -- Detecting C compiler ABI info - done
[1.387s] -- Check for working C compiler: /usr/bin/cc - skipped
[1.388s] -- Detecting C compile features
[1.388s] -- Detecting C compile features - done
[1.391s] -- Detecting CXX compiler ABI info
[1.539s] -- Detecting CXX compiler ABI info - done
[1.544s] -- Check for working CXX compiler: /usr/bin/c++ - skipped
[1.545s] -- Detecting CXX compile features
[1.545s] -- Detecting CXX compile features - done
[1.552s] -- Found ament_cmake: 1.3.12 (/opt/ros/humble/share/ament_cmake/cmake)
[1.682s] -- Found Python3: /usr/bin/python3 (found version "3.10.12") found components: Interpreter 
[1.772s] -- Found rclcpp: 16.0.14 (/opt/ros/humble/share/rclcpp/cmake)
[1.941s] -- Found rosidl_generator_c: 3.1.7 (/opt/ros/humble/share/rosidl_generator_c/cmake)
[1.947s] -- Found rosidl_adapter: 3.1.7 (/opt/ros/humble/share/rosidl_adapter/cmake)
[1.959s] -- Found rosidl_generator_cpp: 3.1.7 (/opt/ros/humble/share/rosidl_generator_cpp/cmake)
[1.975s] -- Using all available rosidl_typesupport_c: rosidl_typesupport_fastrtps_c;rosidl_typesupport_introspection_c
[1.993s] -- Using all available rosidl_typesupport_cpp: rosidl_typesupport_fastrtps_cpp;rosidl_typesupport_introspection_cpp
[2.047s] -- Found rmw_implementation_cmake: 6.1.2 (/opt/ros/humble/share/rmw_implementation_cmake/cmake)
[2.050s] -- Found rmw_fastrtps_cpp: 6.2.8 (/opt/ros/humble/share/rmw_fastrtps_cpp/cmake)
[3.593s] -- Found OpenSSL: /usr/lib/x86_64-linux-gnu/libcrypto.so (found version "3.0.2")  
[5.454s] -- Found FastRTPS: /opt/ros/humble/include  
[8.900s] -- Using RMW implementation 'rmw_fastrtps_cpp' as default
[8.915s] -- Looking for pthread.h
[9.080s] -- Looking for pthread.h - found
[9.080s] -- Performing Test CMAKE_HAVE_LIBC_PTHREAD
[9.248s] -- Performing Test CMAKE_HAVE_LIBC_PTHREAD - Success
[9.249s] -- Found Threads: TRUE  
[9.314s] -- Found can_msgs: 2.0.0 (/opt/ros/humble/share/can_msgs/cmake)
[9.331s] -- Found sensor_msgs: 4.9.0 (/opt/ros/humble/share/sensor_msgs/cmake)
[11.008s] [31mCMake Error at CMakeLists.txt:17 (find_package):
[11.008s]   By not providing "FindQt6.cmake" in CMAKE_MODULE_PATH this project has
[11.008s]   asked CMake to find a package configuration file provided by "Qt6", but
[11.008s]   CMake did not find one.
[11.008s] 
[11.008s]   Could not find a package configuration file provided by "Qt6" with any of
[11.008s]   the following names:
[11.008s] 
[11.008s]     Qt6Config.cmake
[11.008s]     qt6-config.cmake
[11.008s] 
[11.008s]   Add the installation prefix of "Qt6" to CMAKE_PREFIX_PATH or set "Qt6_DIR"
[11.008s]   to a directory containing one of the above files.  If "Qt6" provides a
[11.009s]   separate development package or SDK, be sure it has been installed.
[11.009s] 
[11.009s] [0m
[11.009s] -- Configuring incomplete, errors occurred!
[11.009s] See also "/home/ray/ros2_ws/src/bms_can_bridge_cpp/build/bms_can_bridge_cpp/CMakeFiles/CMakeOutput.log".
[11.019s] Invoked command in '/home/ray/ros2_ws/src/bms_can_bridge_cpp/build/bms_can_bridge_cpp' returned '1': CMAKE_PREFIX_PATH=/opt/ros/humble /usr/bin/cmake /home/ray/ros2_ws/src/bms_can_bridge_cpp -DCMAKE_INSTALL_PREFIX=/home/ray/ros2_ws/src/bms_can_bridge_cpp/install/bms_can_bridge_cpp
